<?xml version="1.0" encoding="UTF-8"?>
<!-- Generated by org.testng.reporters.JUnitXMLReporter -->
<testsuite hostname="DESKTOP-0P8QHT9" ignored="0" name="Test" tests="5" failures="0" timestamp="09 Apr 2021 05:29:28 GMT" time="293.127" errors="0">
  <testcase name="tc0" time="7.583" classname="org.test.Sample2"/>
  <testcase name="tc1" time="2.085" classname="org.test.Sample2"/>
  <testcase name="tc2" time="1.61" classname="org.test.Sample2"/>
  <testcase name="tc3" time="1.199" classname="org.test.Sample2"/>
  <testcase name="ulogout" time="0.436" classname="org.test.Sample2"/>
</testsuite> <!-- Test -->
