<?xml version="1.0" encoding="UTF-8"?>
<testng-results skipped="0" failed="0" ignored="0" total="1" passed="1">
  <reporter-output>
  </reporter-output>
  <suite name="Default suite" duration-ms="42" started-at="2021-04-09T05:43:24Z" finished-at="2021-04-09T05:43:24Z">
    <groups>
    </groups>
    <test name="Default test" duration-ms="42" started-at="2021-04-09T05:43:24Z" finished-at="2021-04-09T05:43:24Z">
      <class name="org.test.Sample3">
        <test-method status="PASS" signature="tc0()[pri:0, instance:org.test.Sample3@33afa13b]" name="tc0" duration-ms="13" started-at="2021-04-09T05:43:24Z" finished-at="2021-04-09T05:43:24Z">
          <reporter-output>
          </reporter-output>
        </test-method> <!-- tc0 -->
      </class> <!-- org.test.Sample3 -->
    </test> <!-- Default test -->
  </suite> <!-- Default suite -->
</testng-results>
